[ 2019-11-16T14:45:13+08:00 ] 127.0.0.1 /Public/Home/wp-content/themes/wdd18/p.typekit.net/p.css-s=1&k=khu5dcw&ht=tk&f=143.144.147.148.149.17037.17041.21647.21651.26053.26054.26056.26062&a=6870&app=typekit&e=css.css
INFO: [ app_init ] --START--
INFO: Run Behavior\BuildLiteBehavior [ RunTime:0.000012s ]
INFO: [ app_init ] --END-- [ RunTime:0.000559s ]
ERR: 无法加载模块:Public

[ 2019-11-16T14:45:13+08:00 ] 127.0.0.1 /Public/static.hotjar.com/c/hotjar-17005.js-sv=3.js
INFO: [ app_init ] --START--
INFO: Run Behavior\BuildLiteBehavior [ RunTime:0.000010s ]
INFO: [ app_init ] --END-- [ RunTime:0.000397s ]
ERR: 无法加载模块:Public

[ 2019-11-16T14:45:13+08:00 ] 127.0.0.1 /Public/cdn.buysellads.com/ac/pro.js
INFO: [ app_init ] --START--
INFO: Run Behavior\BuildLiteBehavior [ RunTime:0.000022s ]
INFO: [ app_init ] --END-- [ RunTime:0.000870s ]
ERR: 无法加载模块:Public

[ 2019-11-16T14:45:13+08:00 ] 127.0.0.1 /Public/Home/wp-content/themes/wdd18/css/images/svg/top-pattern-2.svg
INFO: [ app_init ] --START--
INFO: Run Behavior\BuildLiteBehavior [ RunTime:0.000010s ]
INFO: [ app_init ] --END-- [ RunTime:0.000406s ]
ERR: 无法加载模块:Public

[ 2019-11-16T14:45:13+08:00 ] 127.0.0.1 /Public/Home/wp-content/themes/wdd18/css/images/svg/cross2.svg
INFO: [ app_init ] --START--
INFO: Run Behavior\BuildLiteBehavior [ RunTime:0.000018s ]
INFO: [ app_init ] --END-- [ RunTime:0.000802s ]
ERR: 无法加载模块:Public

[ 2019-11-16T14:45:13+08:00 ] 127.0.0.1 /Public/Home/wp-content/themes/wdd18/css/af/46da36/00000000000000003b9acaf6/27/l-primer=7cdcb44be4a7db8877ffa5c0007b8dd865b3bbc383831fe2ea177f62257a9191&fvd=n4&v=3
INFO: [ app_init ] --START--
INFO: Run Behavior\BuildLiteBehavior [ RunTime:0.000009s ]
INFO: [ app_init ] --END-- [ RunTime:0.000393s ]
ERR: 无法加载模块:Public

[ 2019-11-16T14:45:13+08:00 ] 127.0.0.1 /Public/Home/wp-content/themes/wdd18/css/af/290aa2/00000000000000003b9b094b/27/l-subset_id=1&fvd=n7&v=3
INFO: [ app_init ] --START--
INFO: Run Behavior\BuildLiteBehavior [ RunTime:0.000012s ]
INFO: [ app_init ] --END-- [ RunTime:0.000646s ]
ERR: 无法加载模块:Public

[ 2019-11-16T14:45:13+08:00 ] 127.0.0.1 /Public/Home/wp-content/themes/wdd18/css/af/6d4bb2/00000000000000003b9acafc/27/l-primer=7cdcb44be4a7db8877ffa5c0007b8dd865b3bbc383831fe2ea177f62257a9191&fvd=n7&v=3
INFO: [ app_init ] --START--
INFO: Run Behavior\BuildLiteBehavior [ RunTime:0.000014s ]
INFO: [ app_init ] --END-- [ RunTime:0.000756s ]
ERR: 无法加载模块:Public

[ 2019-11-16T14:45:13+08:00 ] 127.0.0.1 /Public/Home/wp-content/themes/wdd18/css/af/a57269/000000000000000000014393/27/l-primer=7cdcb44be4a7db8877ffa5c0007b8dd865b3bbc383831fe2ea177f62257a9191&fvd=n7&v=3
INFO: [ app_init ] --START--
INFO: Run Behavior\BuildLiteBehavior [ RunTime:0.000018s ]
INFO: [ app_init ] --END-- [ RunTime:0.000927s ]
ERR: 无法加载模块:Public

[ 2019-11-16T14:45:14+08:00 ] 127.0.0.1 /Public/Home/wp-content/themes/wdd18/css/af/46da36/00000000000000003b9acaf6/27/d-primer=7cdcb44be4a7db8877ffa5c0007b8dd865b3bbc383831fe2ea177f62257a9191&fvd=n4&v=3
INFO: [ app_init ] --START--
INFO: Run Behavior\BuildLiteBehavior [ RunTime:0.000009s ]
INFO: [ app_init ] --END-- [ RunTime:0.000354s ]
ERR: 无法加载模块:Public

[ 2019-11-16T14:45:14+08:00 ] 127.0.0.1 /Public/Home/wp-content/themes/wdd18/css/af/6d4bb2/00000000000000003b9acafc/27/d-primer=7cdcb44be4a7db8877ffa5c0007b8dd865b3bbc383831fe2ea177f62257a9191&fvd=n7&v=3
INFO: [ app_init ] --START--
INFO: Run Behavior\BuildLiteBehavior [ RunTime:0.000008s ]
INFO: [ app_init ] --END-- [ RunTime:0.000422s ]
ERR: 无法加载模块:Public

[ 2019-11-16T14:45:14+08:00 ] 127.0.0.1 /Public/Home/wp-content/themes/wdd18/css/af/290aa2/00000000000000003b9b094b/27/d-subset_id=1&fvd=n7&v=3
INFO: [ app_init ] --START--
INFO: Run Behavior\BuildLiteBehavior [ RunTime:0.000010s ]
INFO: [ app_init ] --END-- [ RunTime:0.000436s ]
ERR: 无法加载模块:Public

[ 2019-11-16T14:45:14+08:00 ] 127.0.0.1 /Public/Home/wp-content/themes/wdd18/css/af/a57269/000000000000000000014393/27/d-primer=7cdcb44be4a7db8877ffa5c0007b8dd865b3bbc383831fe2ea177f62257a9191&fvd=n7&v=3
INFO: [ app_init ] --START--
INFO: Run Behavior\BuildLiteBehavior [ RunTime:0.000021s ]
INFO: [ app_init ] --END-- [ RunTime:0.000583s ]
ERR: 无法加载模块:Public

[ 2019-11-16T14:45:14+08:00 ] 127.0.0.1 /Public/Home/wp-content/themes/wdd18/css/af/46da36/00000000000000003b9acaf6/27/a-primer=7cdcb44be4a7db8877ffa5c0007b8dd865b3bbc383831fe2ea177f62257a9191&fvd=n4&v=3
INFO: [ app_init ] --START--
INFO: Run Behavior\BuildLiteBehavior [ RunTime:0.000021s ]
INFO: [ app_init ] --END-- [ RunTime:0.000368s ]
ERR: 无法加载模块:Public

[ 2019-11-16T14:45:14+08:00 ] 127.0.0.1 /Public/Home/wp-content/themes/wdd18/css/af/6d4bb2/00000000000000003b9acafc/27/a-primer=7cdcb44be4a7db8877ffa5c0007b8dd865b3bbc383831fe2ea177f62257a9191&fvd=n7&v=3
INFO: [ app_init ] --START--
INFO: Run Behavior\BuildLiteBehavior [ RunTime:0.000009s ]
INFO: [ app_init ] --END-- [ RunTime:0.000399s ]
ERR: 无法加载模块:Public

[ 2019-11-16T14:45:14+08:00 ] 127.0.0.1 /Public/Home/wp-content/themes/wdd18/css/af/290aa2/00000000000000003b9b094b/27/a-subset_id=1&fvd=n7&v=3
INFO: [ app_init ] --START--
INFO: Run Behavior\BuildLiteBehavior [ RunTime:0.000010s ]
INFO: [ app_init ] --END-- [ RunTime:0.000417s ]
ERR: 无法加载模块:Public

[ 2019-11-16T14:45:14+08:00 ] 127.0.0.1 /Public/Home/wp-content/themes/wdd18/css/af/a57269/000000000000000000014393/27/a-primer=7cdcb44be4a7db8877ffa5c0007b8dd865b3bbc383831fe2ea177f62257a9191&fvd=n7&v=3
INFO: [ app_init ] --START--
INFO: Run Behavior\BuildLiteBehavior [ RunTime:0.000020s ]
INFO: [ app_init ] --END-- [ RunTime:0.000784s ]
ERR: 无法加载模块:Public

[ 2019-11-16T15:14:43+08:00 ] 127.0.0.1 /favicon.ico
INFO: [ app_init ] --START--
INFO: Run Behavior\BuildLiteBehavior [ RunTime:0.000008s ]
INFO: [ app_init ] --END-- [ RunTime:0.000382s ]
ERR: 无法加载模块:Favicon

