[ 2019-11-13T00:32:31+08:00 ] 127.0.0.1 /Public/Admin/css/bootstrap.min.css.map
INFO: [ app_init ] --START--
INFO: Run Behavior\BuildLiteBehavior [ RunTime:0.000014s ]
INFO: [ app_init ] --END-- [ RunTime:0.000706s ]
ERR: 无法加载模块:Public

[ 2019-11-13T00:37:14+08:00 ] 127.0.0.1 /Public/images.png
INFO: [ app_init ] --START--
INFO: Run Behavior\BuildLiteBehavior [ RunTime:0.000017s ]
INFO: [ app_init ] --END-- [ RunTime:0.000520s ]
ERR: 无法加载模块:Public

[ 2019-11-13T00:58:46+08:00 ] 127.0.0.1 /Upload/1
INFO: [ app_init ] --START--
INFO: Run Behavior\BuildLiteBehavior [ RunTime:0.000006s ]
INFO: [ app_init ] --END-- [ RunTime:0.000272s ]
ERR: 无法加载模块:Upload

[ 2019-11-13T00:59:52+08:00 ] 127.0.0.1 /Upload/1
INFO: [ app_init ] --START--
INFO: Run Behavior\BuildLiteBehavior [ RunTime:0.000007s ]
INFO: [ app_init ] --END-- [ RunTime:0.000303s ]
ERR: 无法加载模块:Upload

[ 2019-11-13T01:00:09+08:00 ] 127.0.0.1 /Upload/1
INFO: [ app_init ] --START--
INFO: Run Behavior\BuildLiteBehavior [ RunTime:0.000014s ]
INFO: [ app_init ] --END-- [ RunTime:0.000852s ]
ERR: 无法加载模块:Upload

[ 2019-11-13T01:00:29+08:00 ] 127.0.0.1 /Upload/1
INFO: [ app_init ] --START--
INFO: Run Behavior\BuildLiteBehavior [ RunTime:0.000009s ]
INFO: [ app_init ] --END-- [ RunTime:0.000364s ]
ERR: 无法加载模块:Upload

[ 2019-11-13T01:00:45+08:00 ] 127.0.0.1 /Upload/1
INFO: [ app_init ] --START--
INFO: Run Behavior\BuildLiteBehavior [ RunTime:0.000010s ]
INFO: [ app_init ] --END-- [ RunTime:0.000520s ]
ERR: 无法加载模块:Upload

[ 2019-11-13T01:01:12+08:00 ] 127.0.0.1 /Upload/1
INFO: [ app_init ] --START--
INFO: Run Behavior\BuildLiteBehavior [ RunTime:0.000009s ]
INFO: [ app_init ] --END-- [ RunTime:0.000580s ]
ERR: 无法加载模块:Upload

[ 2019-11-13T01:02:17+08:00 ] 127.0.0.1 /Upload/1
INFO: [ app_init ] --START--
INFO: Run Behavior\BuildLiteBehavior [ RunTime:0.000009s ]
INFO: [ app_init ] --END-- [ RunTime:0.000484s ]
ERR: 无法加载模块:Upload

[ 2019-11-13T01:02:30+08:00 ] 127.0.0.1 /Upload/1
INFO: [ app_init ] --START--
INFO: Run Behavior\BuildLiteBehavior [ RunTime:0.000020s ]
INFO: [ app_init ] --END-- [ RunTime:0.000588s ]
ERR: 无法加载模块:Upload

[ 2019-11-13T01:02:47+08:00 ] 127.0.0.1 /Upload/1
INFO: [ app_init ] --START--
INFO: Run Behavior\BuildLiteBehavior [ RunTime:0.000009s ]
INFO: [ app_init ] --END-- [ RunTime:0.000336s ]
ERR: 无法加载模块:Upload

[ 2019-11-13T01:03:13+08:00 ] 127.0.0.1 /Upload/1
INFO: [ app_init ] --START--
INFO: Run Behavior\BuildLiteBehavior [ RunTime:0.000007s ]
INFO: [ app_init ] --END-- [ RunTime:0.000326s ]
ERR: 无法加载模块:Upload

[ 2019-11-13T01:04:07+08:00 ] 127.0.0.1 /Upload/1
INFO: [ app_init ] --START--
INFO: Run Behavior\BuildLiteBehavior [ RunTime:0.000010s ]
INFO: [ app_init ] --END-- [ RunTime:0.000404s ]
ERR: 无法加载模块:Upload

[ 2019-11-13T01:05:05+08:00 ] 127.0.0.1 /Upload/1
INFO: [ app_init ] --START--
INFO: Run Behavior\BuildLiteBehavior [ RunTime:0.000013s ]
INFO: [ app_init ] --END-- [ RunTime:0.000556s ]
ERR: 无法加载模块:Upload

[ 2019-11-13T01:05:59+08:00 ] 127.0.0.1 /Upload/1
INFO: [ app_init ] --START--
INFO: Run Behavior\BuildLiteBehavior [ RunTime:0.000008s ]
INFO: [ app_init ] --END-- [ RunTime:0.000388s ]
ERR: 无法加载模块:Upload

[ 2019-11-13T01:07:28+08:00 ] 127.0.0.1 /favicon.ico
INFO: [ app_init ] --START--
INFO: Run Behavior\BuildLiteBehavior [ RunTime:0.000009s ]
INFO: [ app_init ] --END-- [ RunTime:0.000480s ]
ERR: 无法加载模块:Favicon

[ 2019-11-13T01:07:31+08:00 ] 127.0.0.1 /Upload/1
INFO: [ app_init ] --START--
INFO: Run Behavior\BuildLiteBehavior [ RunTime:0.000009s ]
INFO: [ app_init ] --END-- [ RunTime:0.000356s ]
ERR: 无法加载模块:Upload

[ 2019-11-13T01:08:16+08:00 ] 127.0.0.1 /Upload/1
INFO: [ app_init ] --START--
INFO: Run Behavior\BuildLiteBehavior [ RunTime:0.000024s ]
INFO: [ app_init ] --END-- [ RunTime:0.000446s ]
ERR: 无法加载模块:Upload

[ 2019-11-13T01:08:55+08:00 ] 127.0.0.1 /Upload/1
INFO: [ app_init ] --START--
INFO: Run Behavior\BuildLiteBehavior [ RunTime:0.000008s ]
INFO: [ app_init ] --END-- [ RunTime:0.000446s ]
ERR: 无法加载模块:Upload

[ 2019-11-13T01:30:12+08:00 ] 127.0.0.1 /Upload/1
INFO: [ app_init ] --START--
INFO: Run Behavior\BuildLiteBehavior [ RunTime:0.000009s ]
INFO: [ app_init ] --END-- [ RunTime:0.000447s ]
ERR: 无法加载模块:Upload

[ 2019-11-13T01:50:27+08:00 ] 127.0.0.1 /Upload/1
INFO: [ app_init ] --START--
INFO: Run Behavior\BuildLiteBehavior [ RunTime:0.000009s ]
INFO: [ app_init ] --END-- [ RunTime:0.000446s ]
ERR: 无法加载模块:Upload

[ 2019-11-13T01:52:11+08:00 ] 127.0.0.1 /Upload/1
INFO: [ app_init ] --START--
INFO: Run Behavior\BuildLiteBehavior [ RunTime:0.000011s ]
INFO: [ app_init ] --END-- [ RunTime:0.000496s ]
ERR: 无法加载模块:Upload

[ 2019-11-13T01:58:56+08:00 ] 127.0.0.1 /Thumb/1
INFO: [ app_init ] --START--
INFO: Run Behavior\BuildLiteBehavior [ RunTime:0.000009s ]
INFO: [ app_init ] --END-- [ RunTime:0.000446s ]
ERR: 无法加载模块:Thumb

[ 2019-11-13T02:02:31+08:00 ] 127.0.0.1 /Thumb/1
INFO: [ app_init ] --START--
INFO: Run Behavior\BuildLiteBehavior [ RunTime:0.000008s ]
INFO: [ app_init ] --END-- [ RunTime:0.000317s ]
ERR: 无法加载模块:Thumb

[ 2019-11-13T02:06:09+08:00 ] 127.0.0.1 /Thumb/1
INFO: [ app_init ] --START--
INFO: Run Behavior\BuildLiteBehavior [ RunTime:0.000011s ]
INFO: [ app_init ] --END-- [ RunTime:0.000597s ]
ERR: 无法加载模块:Thumb

[ 2019-11-13T02:06:18+08:00 ] 127.0.0.1 /Thumb/1
INFO: [ app_init ] --START--
INFO: Run Behavior\BuildLiteBehavior [ RunTime:0.000008s ]
INFO: [ app_init ] --END-- [ RunTime:0.000344s ]
ERR: 无法加载模块:Thumb

[ 2019-11-13T02:08:50+08:00 ] 127.0.0.1 /Thumb/1
INFO: [ app_init ] --START--
INFO: Run Behavior\BuildLiteBehavior [ RunTime:0.000008s ]
INFO: [ app_init ] --END-- [ RunTime:0.000327s ]
ERR: 无法加载模块:Thumb

[ 2019-11-13T02:27:31+08:00 ] 127.0.0.1 /Thumb/1
INFO: [ app_init ] --START--
INFO: Run Behavior\BuildLiteBehavior [ RunTime:0.000008s ]
INFO: [ app_init ] --END-- [ RunTime:0.000332s ]
ERR: 无法加载模块:Thumb

[ 2019-11-13T02:27:56+08:00 ] 127.0.0.1 /Thumb/1
INFO: [ app_init ] --START--
INFO: Run Behavior\BuildLiteBehavior [ RunTime:0.000008s ]
INFO: [ app_init ] --END-- [ RunTime:0.000388s ]
ERR: 无法加载模块:Thumb

[ 2019-11-13T02:30:02+08:00 ] 127.0.0.1 /Thumb/1
INFO: [ app_init ] --START--
INFO: Run Behavior\BuildLiteBehavior [ RunTime:0.000009s ]
INFO: [ app_init ] --END-- [ RunTime:0.000548s ]
ERR: 无法加载模块:Thumb

[ 2019-11-13T02:33:21+08:00 ] 127.0.0.1 /Thumb/1
INFO: [ app_init ] --START--
INFO: Run Behavior\BuildLiteBehavior [ RunTime:0.000007s ]
INFO: [ app_init ] --END-- [ RunTime:0.000403s ]
ERR: 无法加载模块:Thumb

[ 2019-11-13T02:35:19+08:00 ] 127.0.0.1 /Thumb/1
INFO: [ app_init ] --START--
INFO: Run Behavior\BuildLiteBehavior [ RunTime:0.000023s ]
INFO: [ app_init ] --END-- [ RunTime:0.000629s ]
ERR: 无法加载模块:Thumb

[ 2019-11-13T02:44:12+08:00 ] 127.0.0.1 /Thumb/1
INFO: [ app_init ] --START--
INFO: Run Behavior\BuildLiteBehavior [ RunTime:0.000011s ]
INFO: [ app_init ] --END-- [ RunTime:0.000522s ]
ERR: 无法加载模块:Thumb

[ 2019-11-13T02:44:30+08:00 ] 127.0.0.1 /Thumb/1
INFO: [ app_init ] --START--
INFO: Run Behavior\BuildLiteBehavior [ RunTime:0.000009s ]
INFO: [ app_init ] --END-- [ RunTime:0.000539s ]
ERR: 无法加载模块:Thumb

[ 2019-11-13T02:46:16+08:00 ] 127.0.0.1 /Thumb/1
INFO: [ app_init ] --START--
INFO: Run Behavior\BuildLiteBehavior [ RunTime:0.000012s ]
INFO: [ app_init ] --END-- [ RunTime:0.000583s ]
ERR: 无法加载模块:Thumb

[ 2019-11-13T07:50:40+08:00 ] 127.0.0.1 /Thumb/1
INFO: [ app_init ] --START--
INFO: Run Behavior\BuildLiteBehavior [ RunTime:0.000007s ]
INFO: [ app_init ] --END-- [ RunTime:0.000326s ]
ERR: 无法加载模块:Thumb

[ 2019-11-13T07:51:20+08:00 ] 127.0.0.1 /Thumb/1
INFO: [ app_init ] --START--
INFO: Run Behavior\BuildLiteBehavior [ RunTime:0.000011s ]
INFO: [ app_init ] --END-- [ RunTime:0.000482s ]
ERR: 无法加载模块:Thumb

[ 2019-11-13T08:11:18+08:00 ] 127.0.0.1 /Thumb/1
INFO: [ app_init ] --START--
INFO: Run Behavior\BuildLiteBehavior [ RunTime:0.000010s ]
INFO: [ app_init ] --END-- [ RunTime:0.000497s ]
ERR: 无法加载模块:Thumb

[ 2019-11-13T08:49:04+08:00 ] 127.0.0.1 /Thumb/1
INFO: [ app_init ] --START--
INFO: Run Behavior\BuildLiteBehavior [ RunTime:0.000014s ]
INFO: [ app_init ] --END-- [ RunTime:0.000598s ]
ERR: 无法加载模块:Thumb

[ 2019-11-13T08:58:09+08:00 ] 127.0.0.1 /Thumb/Article/2019-11-13/5dcafdf6cfb2c.jpg
INFO: [ app_init ] --START--
INFO: Run Behavior\BuildLiteBehavior [ RunTime:0.000008s ]
INFO: [ app_init ] --END-- [ RunTime:0.000367s ]
ERR: 无法加载模块:Thumb

[ 2019-11-13T08:58:09+08:00 ] 127.0.0.1 /Thumb/Article/2019-11-13/5dcb4a255db88.jpg
INFO: [ app_init ] --START--
INFO: Run Behavior\BuildLiteBehavior [ RunTime:0.000008s ]
INFO: [ app_init ] --END-- [ RunTime:0.000440s ]
ERR: 无法加载模块:Thumb

[ 2019-11-13T08:58:09+08:00 ] 127.0.0.1 /Thumb/Article/2019-11-13/5dcaf9ab2c156.png
INFO: [ app_init ] --START--
INFO: Run Behavior\BuildLiteBehavior [ RunTime:0.000008s ]
INFO: [ app_init ] --END-- [ RunTime:0.000410s ]
ERR: 无法加载模块:Thumb

[ 2019-11-13T08:58:09+08:00 ] 127.0.0.1 /Thumb/Article/2019-11-13/5dcaf49009c7c.png
INFO: [ app_init ] --START--
INFO: Run Behavior\BuildLiteBehavior [ RunTime:0.000010s ]
INFO: [ app_init ] --END-- [ RunTime:0.000488s ]
ERR: 无法加载模块:Thumb

[ 2019-11-13T08:58:09+08:00 ] 127.0.0.1 /Thumb/Article/2019-11-13/5dcafd8d2f114.jpg
INFO: [ app_init ] --START--
INFO: Run Behavior\BuildLiteBehavior [ RunTime:0.000012s ]
INFO: [ app_init ] --END-- [ RunTime:0.000720s ]
ERR: 无法加载模块:Thumb

[ 2019-11-13T08:58:35+08:00 ] 127.0.0.1 /favicon.ico
INFO: [ app_init ] --START--
INFO: Run Behavior\BuildLiteBehavior [ RunTime:0.000009s ]
INFO: [ app_init ] --END-- [ RunTime:0.000309s ]
ERR: 无法加载模块:Favicon

[ 2019-11-13T09:00:53+08:00 ] 127.0.0.1 /Thumb/Article/2019-11-13/5dcafdf6cfb2c.jpg
INFO: [ app_init ] --START--
INFO: Run Behavior\BuildLiteBehavior [ RunTime:0.000007s ]
INFO: [ app_init ] --END-- [ RunTime:0.000364s ]
ERR: 无法加载模块:Thumb

[ 2019-11-13T09:00:53+08:00 ] 127.0.0.1 /Thumb/Article/2019-11-13/5dcb4a255db88.jpg
INFO: [ app_init ] --START--
INFO: Run Behavior\BuildLiteBehavior [ RunTime:0.000009s ]
INFO: [ app_init ] --END-- [ RunTime:0.000509s ]
ERR: 无法加载模块:Thumb

[ 2019-11-13T09:00:53+08:00 ] 127.0.0.1 /Thumb/Article/2019-11-13/5dcaf9ab2c156.png
INFO: [ app_init ] --START--
INFO: Run Behavior\BuildLiteBehavior [ RunTime:0.000010s ]
INFO: [ app_init ] --END-- [ RunTime:0.000419s ]
ERR: 无法加载模块:Thumb

[ 2019-11-13T09:00:53+08:00 ] 127.0.0.1 /Thumb/Article/2019-11-13/5dcaf49009c7c.png
INFO: [ app_init ] --START--
INFO: Run Behavior\BuildLiteBehavior [ RunTime:0.000010s ]
INFO: [ app_init ] --END-- [ RunTime:0.000487s ]
ERR: 无法加载模块:Thumb

[ 2019-11-13T09:00:53+08:00 ] 127.0.0.1 /Thumb/Article/2019-11-13/5dcafd8d2f114.jpg
INFO: [ app_init ] --START--
INFO: Run Behavior\BuildLiteBehavior [ RunTime:0.000009s ]
INFO: [ app_init ] --END-- [ RunTime:0.000552s ]
ERR: 无法加载模块:Thumb

[ 2019-11-13T09:01:30+08:00 ] 127.0.0.1 /Thumb/Article/2019-11-13/5dcb4a255db88.jpg
INFO: [ app_init ] --START--
INFO: Run Behavior\BuildLiteBehavior [ RunTime:0.000008s ]
INFO: [ app_init ] --END-- [ RunTime:0.000371s ]
ERR: 无法加载模块:Thumb

[ 2019-11-13T09:01:30+08:00 ] 127.0.0.1 /Thumb/Article/2019-11-13/5dcafdf6cfb2c.jpg
INFO: [ app_init ] --START--
INFO: Run Behavior\BuildLiteBehavior [ RunTime:0.000007s ]
INFO: [ app_init ] --END-- [ RunTime:0.000367s ]
ERR: 无法加载模块:Thumb

[ 2019-11-13T09:01:30+08:00 ] 127.0.0.1 /Thumb/Article/2019-11-13/5dcaf9ab2c156.png
INFO: [ app_init ] --START--
INFO: Run Behavior\BuildLiteBehavior [ RunTime:0.000010s ]
INFO: [ app_init ] --END-- [ RunTime:0.000407s ]
ERR: 无法加载模块:Thumb

[ 2019-11-13T09:01:30+08:00 ] 127.0.0.1 /Thumb/Article/2019-11-13/5dcaf49009c7c.png
INFO: [ app_init ] --START--
INFO: Run Behavior\BuildLiteBehavior [ RunTime:0.000013s ]
INFO: [ app_init ] --END-- [ RunTime:0.000553s ]
ERR: 无法加载模块:Thumb

[ 2019-11-13T09:01:30+08:00 ] 127.0.0.1 /Thumb/Article/2019-11-13/5dcafd8d2f114.jpg
INFO: [ app_init ] --START--
INFO: Run Behavior\BuildLiteBehavior [ RunTime:0.000010s ]
INFO: [ app_init ] --END-- [ RunTime:0.000540s ]
ERR: 无法加载模块:Thumb

[ 2019-11-13T09:02:12+08:00 ] 127.0.0.1 /Thumb/Article/2019-11-13/5dcafdf6cfb2c.jpg
INFO: [ app_init ] --START--
INFO: Run Behavior\BuildLiteBehavior [ RunTime:0.000009s ]
INFO: [ app_init ] --END-- [ RunTime:0.000411s ]
ERR: 无法加载模块:Thumb

[ 2019-11-13T09:02:12+08:00 ] 127.0.0.1 /Thumb/Article/2019-11-13/5dcb4a255db88.jpg
INFO: [ app_init ] --START--
INFO: Run Behavior\BuildLiteBehavior [ RunTime:0.000008s ]
INFO: [ app_init ] --END-- [ RunTime:0.000340s ]
ERR: 无法加载模块:Thumb

[ 2019-11-13T09:02:12+08:00 ] 127.0.0.1 /Thumb/Article/2019-11-13/5dcaf9ab2c156.png
INFO: [ app_init ] --START--
INFO: Run Behavior\BuildLiteBehavior [ RunTime:0.000012s ]
INFO: [ app_init ] --END-- [ RunTime:0.000757s ]
ERR: 无法加载模块:Thumb

[ 2019-11-13T09:02:12+08:00 ] 127.0.0.1 /Thumb/Article/2019-11-13/5dcaf49009c7c.png
INFO: [ app_init ] --START--
INFO: Run Behavior\BuildLiteBehavior [ RunTime:0.000011s ]
INFO: [ app_init ] --END-- [ RunTime:0.000478s ]
ERR: 无法加载模块:Thumb

[ 2019-11-13T09:02:13+08:00 ] 127.0.0.1 /Thumb/Article/2019-11-13/5dcafd8d2f114.jpg
INFO: [ app_init ] --START--
INFO: Run Behavior\BuildLiteBehavior [ RunTime:0.000008s ]
INFO: [ app_init ] --END-- [ RunTime:0.000487s ]
ERR: 无法加载模块:Thumb

[ 2019-11-13T09:02:40+08:00 ] 127.0.0.1 /Thumb/Article/2019-11-13/5dcafdf6cfb2c.jpg
INFO: [ app_init ] --START--
INFO: Run Behavior\BuildLiteBehavior [ RunTime:0.000010s ]
INFO: [ app_init ] --END-- [ RunTime:0.000432s ]
ERR: 无法加载模块:Thumb

[ 2019-11-13T09:02:40+08:00 ] 127.0.0.1 /Thumb/Article/2019-11-13/5dcb4a255db88.jpg
INFO: [ app_init ] --START--
INFO: Run Behavior\BuildLiteBehavior [ RunTime:0.000010s ]
INFO: [ app_init ] --END-- [ RunTime:0.000441s ]
ERR: 无法加载模块:Thumb

[ 2019-11-13T09:02:40+08:00 ] 127.0.0.1 /Thumb/Article/2019-11-13/5dcaf49009c7c.png
INFO: [ app_init ] --START--
INFO: Run Behavior\BuildLiteBehavior [ RunTime:0.000009s ]
INFO: [ app_init ] --END-- [ RunTime:0.000386s ]
ERR: 无法加载模块:Thumb

[ 2019-11-13T09:02:40+08:00 ] 127.0.0.1 /Thumb/Article/2019-11-13/5dcafd8d2f114.jpg
INFO: [ app_init ] --START--
INFO: Run Behavior\BuildLiteBehavior [ RunTime:0.000009s ]
INFO: [ app_init ] --END-- [ RunTime:0.000384s ]
ERR: 无法加载模块:Thumb

[ 2019-11-13T09:02:40+08:00 ] 127.0.0.1 /Thumb/Article/2019-11-13/5dcaf9ab2c156.png
INFO: [ app_init ] --START--
INFO: Run Behavior\BuildLiteBehavior [ RunTime:0.000012s ]
INFO: [ app_init ] --END-- [ RunTime:0.000562s ]
ERR: 无法加载模块:Thumb

[ 2019-11-13T09:03:38+08:00 ] 127.0.0.1 /Thumb/Article/2019-11-13/5dcafdf6cfb2c.jpg
INFO: [ app_init ] --START--
INFO: Run Behavior\BuildLiteBehavior [ RunTime:0.000010s ]
INFO: [ app_init ] --END-- [ RunTime:0.000399s ]
ERR: 无法加载模块:Thumb

[ 2019-11-13T09:03:38+08:00 ] 127.0.0.1 /Thumb/Article/2019-11-13/5dcb4a255db88.jpg
INFO: [ app_init ] --START--
INFO: Run Behavior\BuildLiteBehavior [ RunTime:0.000024s ]
INFO: [ app_init ] --END-- [ RunTime:0.000517s ]
ERR: 无法加载模块:Thumb

[ 2019-11-13T09:03:38+08:00 ] 127.0.0.1 /Thumb/Article/2019-11-13/5dcaf49009c7c.png
INFO: [ app_init ] --START--
INFO: Run Behavior\BuildLiteBehavior [ RunTime:0.000013s ]
INFO: [ app_init ] --END-- [ RunTime:0.000988s ]
ERR: 无法加载模块:Thumb

[ 2019-11-13T09:03:38+08:00 ] 127.0.0.1 /Thumb/Article/2019-11-13/5dcafd8d2f114.jpg
INFO: [ app_init ] --START--
INFO: Run Behavior\BuildLiteBehavior [ RunTime:0.000007s ]
INFO: [ app_init ] --END-- [ RunTime:0.000381s ]
ERR: 无法加载模块:Thumb

[ 2019-11-13T09:03:38+08:00 ] 127.0.0.1 /Thumb/Article/2019-11-13/5dcaf9ab2c156.png
INFO: [ app_init ] --START--
INFO: Run Behavior\BuildLiteBehavior [ RunTime:0.000010s ]
INFO: [ app_init ] --END-- [ RunTime:0.000613s ]
ERR: 无法加载模块:Thumb

[ 2019-11-13T09:03:50+08:00 ] 127.0.0.1 /Thumb/Article/2019-11-13/5dcb4576dd5a3.jpg
INFO: [ app_init ] --START--
INFO: Run Behavior\BuildLiteBehavior [ RunTime:0.000009s ]
INFO: [ app_init ] --END-- [ RunTime:0.000366s ]
ERR: 无法加载模块:Thumb

[ 2019-11-13T09:03:50+08:00 ] 127.0.0.1 /Thumb/1
INFO: [ app_init ] --START--
INFO: Run Behavior\BuildLiteBehavior [ RunTime:0.000009s ]
INFO: [ app_init ] --END-- [ RunTime:0.000522s ]
ERR: 无法加载模块:Thumb

[ 2019-11-13T09:03:50+08:00 ] 127.0.0.1 /Thumb/Article/2019-11-13/5dcb55e94e09a.jpg
INFO: [ app_init ] --START--
INFO: Run Behavior\BuildLiteBehavior [ RunTime:0.000011s ]
INFO: [ app_init ] --END-- [ RunTime:0.000503s ]
ERR: 无法加载模块:Thumb

[ 2019-11-13T16:02:56+08:00 ] 127.0.0.1 /www.gravatar.com/avatar/32cbf3aa9c1d4da0919c8a5045161453-s=48.jpg
INFO: [ app_init ] --START--
INFO: Run Behavior\BuildLiteBehavior [ RunTime:0.000009s ]
INFO: [ app_init ] --END-- [ RunTime:0.000356s ]
ERR: 无法加载模块:Www.gravatar.com

[ 2019-11-13T16:02:56+08:00 ] 127.0.0.1 /Public/Home/wp-content/themes/wdd18/p.typekit.net/p.css-s=1&k=khu5dcw&ht=tk&f=143.144.147.148.149.17037.17041.21647.21651.26053.26054.26056.26062&a=6870&app=typekit&e=css.css
INFO: [ app_init ] --START--
INFO: Run Behavior\BuildLiteBehavior [ RunTime:0.000014s ]
INFO: [ app_init ] --END-- [ RunTime:0.000504s ]
ERR: 无法加载模块:Public

[ 2019-11-13T16:02:56+08:00 ] 127.0.0.1 /pub.freestar.io/core/pushdown.min.js
INFO: [ app_init ] --START--
INFO: Run Behavior\BuildLiteBehavior [ RunTime:0.000009s ]
INFO: [ app_init ] --END-- [ RunTime:0.000426s ]
ERR: 无法加载模块:Pub.freestar.io

[ 2019-11-13T16:02:56+08:00 ] 127.0.0.1 /m.servedby-buysellads.com/monetization.js
INFO: [ app_init ] --START--
INFO: Run Behavior\BuildLiteBehavior [ RunTime:0.000020s ]
INFO: [ app_init ] --END-- [ RunTime:0.000714s ]
ERR: 无法加载模块:M.servedby-buysellads.com

[ 2019-11-13T16:02:56+08:00 ] 127.0.0.1 /www.gravatar.com/avatar/9dcff61f2c14cbad17b2333648c60a59-s=48.png
INFO: [ app_init ] --START--
INFO: Run Behavior\BuildLiteBehavior [ RunTime:0.000013s ]
INFO: [ app_init ] --END-- [ RunTime:0.000631s ]
ERR: 无法加载模块:Www.gravatar.com

[ 2019-11-13T16:02:56+08:00 ] 127.0.0.1 /www.gravatar.com/avatar/4b705c3a0e16bbe30fb5919c53ce2fb2-s=48.jpg
INFO: [ app_init ] --START--
INFO: Run Behavior\BuildLiteBehavior [ RunTime:0.000010s ]
INFO: [ app_init ] --END-- [ RunTime:0.000496s ]
ERR: 无法加载模块:Www.gravatar.com

[ 2019-11-13T16:02:56+08:00 ] 127.0.0.1 /www.gravatar.com/avatar/b80ad5dc88c78f27fd74a33196f55479-s=48.jpg
INFO: [ app_init ] --START--
INFO: Run Behavior\BuildLiteBehavior [ RunTime:0.000010s ]
INFO: [ app_init ] --END-- [ RunTime:0.000622s ]
ERR: 无法加载模块:Www.gravatar.com

[ 2019-11-13T16:02:56+08:00 ] 127.0.0.1 /www.gravatar.com/avatar/bb0904c788fc7b53d870719f0334fbdc-s=48.jpg
INFO: [ app_init ] --START--
INFO: Run Behavior\BuildLiteBehavior [ RunTime:0.000009s ]
INFO: [ app_init ] --END-- [ RunTime:0.000370s ]
ERR: 无法加载模块:Www.gravatar.com

[ 2019-11-13T16:02:56+08:00 ] 127.0.0.1 /www.gravatar.com/avatar/d12a9427abe9369fb2a4815fdc0d7ca7-s=48.png
INFO: [ app_init ] --START--
INFO: Run Behavior\BuildLiteBehavior [ RunTime:0.000008s ]
INFO: [ app_init ] --END-- [ RunTime:0.000372s ]
ERR: 无法加载模块:Www.gravatar.com

[ 2019-11-13T16:02:56+08:00 ] 127.0.0.1 /www.gravatar.com/avatar/a65385080fbe8dea6fa0757126c8157e-s=48.jpg
INFO: [ app_init ] --START--
INFO: Run Behavior\BuildLiteBehavior [ RunTime:0.000009s ]
INFO: [ app_init ] --END-- [ RunTime:0.000472s ]
ERR: 无法加载模块:Www.gravatar.com

[ 2019-11-13T16:02:56+08:00 ] 127.0.0.1 /www.gravatar.com/avatar/7329dca38bbe832fd69f4184ef3a654b-s=48.jpg
INFO: [ app_init ] --START--
INFO: Run Behavior\BuildLiteBehavior [ RunTime:0.000024s ]
INFO: [ app_init ] --END-- [ RunTime:0.000545s ]
ERR: 无法加载模块:Www.gravatar.com

[ 2019-11-13T16:02:56+08:00 ] 127.0.0.1 /pagead2.googlesyndication.com/pagead/js/adsbygoogle.js
INFO: [ app_init ] --START--
INFO: Run Behavior\BuildLiteBehavior [ RunTime:0.000018s ]
INFO: [ app_init ] --END-- [ RunTime:0.000989s ]
ERR: 无法加载模块:Pagead2.googlesyndication.com

[ 2019-11-13T16:02:56+08:00 ] 127.0.0.1 /www.gravatar.com/avatar/e5320a36e4d73c849a8504051066024b-s=48.jpg
INFO: [ app_init ] --START--
INFO: Run Behavior\BuildLiteBehavior [ RunTime:0.000011s ]
INFO: [ app_init ] --END-- [ RunTime:0.000538s ]
ERR: 无法加载模块:Www.gravatar.com

[ 2019-11-13T16:02:56+08:00 ] 127.0.0.1 /Public/Home/wp-content/themes/wdd18/css/images/svg/top-pattern-2.svg
INFO: [ app_init ] --START--
INFO: Run Behavior\BuildLiteBehavior [ RunTime:0.000015s ]
INFO: [ app_init ] --END-- [ RunTime:0.000670s ]
ERR: 无法加载模块:Public

[ 2019-11-13T16:02:56+08:00 ] 127.0.0.1 /Public/Home/wp-content/themes/wdd18/css/af/290aa2/00000000000000003b9b094b/27/l-subset_id=1&fvd=n7&v=3
INFO: [ app_init ] --START--
INFO: Run Behavior\BuildLiteBehavior [ RunTime:0.000008s ]
INFO: [ app_init ] --END-- [ RunTime:0.000348s ]
ERR: 无法加载模块:Public

[ 2019-11-13T16:02:56+08:00 ] 127.0.0.1 /Public/Home/wp-content/themes/wdd18/css/af/46da36/00000000000000003b9acaf6/27/l-primer=7cdcb44be4a7db8877ffa5c0007b8dd865b3bbc383831fe2ea177f62257a9191&fvd=n4&v=3
INFO: [ app_init ] --START--
INFO: Run Behavior\BuildLiteBehavior [ RunTime:0.000009s ]
INFO: [ app_init ] --END-- [ RunTime:0.000499s ]
ERR: 无法加载模块:Public

[ 2019-11-13T16:02:56+08:00 ] 127.0.0.1 /Public/Home/wp-content/themes/wdd18/css/af/a57269/000000000000000000014393/27/l-primer=7cdcb44be4a7db8877ffa5c0007b8dd865b3bbc383831fe2ea177f62257a9191&fvd=n7&v=3
INFO: [ app_init ] --START--
INFO: Run Behavior\BuildLiteBehavior [ RunTime:0.000011s ]
INFO: [ app_init ] --END-- [ RunTime:0.000516s ]
ERR: 无法加载模块:Public

[ 2019-11-13T16:02:56+08:00 ] 127.0.0.1 /Public/Home/wp-content/themes/wdd18/css/af/6d4bb2/00000000000000003b9acafc/27/l-primer=7cdcb44be4a7db8877ffa5c0007b8dd865b3bbc383831fe2ea177f62257a9191&fvd=n7&v=3
INFO: [ app_init ] --START--
INFO: Run Behavior\BuildLiteBehavior [ RunTime:0.000013s ]
INFO: [ app_init ] --END-- [ RunTime:0.000498s ]
ERR: 无法加载模块:Public

[ 2019-11-13T16:02:56+08:00 ] 127.0.0.1 /www.gravatar.com/avatar/7329dca38bbe832fd69f4184ef3a654b-s=48.jpg
INFO: [ app_init ] --START--
INFO: Run Behavior\BuildLiteBehavior [ RunTime:0.000008s ]
INFO: [ app_init ] --END-- [ RunTime:0.000373s ]
ERR: 无法加载模块:Www.gravatar.com

[ 2019-11-13T16:02:56+08:00 ] 127.0.0.1 /www.gravatar.com/avatar/d12a9427abe9369fb2a4815fdc0d7ca7-s=48.png
INFO: [ app_init ] --START--
INFO: Run Behavior\BuildLiteBehavior [ RunTime:0.000010s ]
INFO: [ app_init ] --END-- [ RunTime:0.000485s ]
ERR: 无法加载模块:Www.gravatar.com

[ 2019-11-13T16:02:56+08:00 ] 127.0.0.1 /www.gravatar.com/avatar/b80ad5dc88c78f27fd74a33196f55479-s=48.jpg
INFO: [ app_init ] --START--
INFO: Run Behavior\BuildLiteBehavior [ RunTime:0.000007s ]
INFO: [ app_init ] --END-- [ RunTime:0.000384s ]
ERR: 无法加载模块:Www.gravatar.com

[ 2019-11-13T16:02:56+08:00 ] 127.0.0.1 /www.gravatar.com/avatar/9dcff61f2c14cbad17b2333648c60a59-s=48.png
INFO: [ app_init ] --START--
INFO: Run Behavior\BuildLiteBehavior [ RunTime:0.000009s ]
INFO: [ app_init ] --END-- [ RunTime:0.000468s ]
ERR: 无法加载模块:Www.gravatar.com

[ 2019-11-13T16:02:56+08:00 ] 127.0.0.1 /www.gravatar.com/avatar/32cbf3aa9c1d4da0919c8a5045161453-s=48.jpg
INFO: [ app_init ] --START--
INFO: Run Behavior\BuildLiteBehavior [ RunTime:0.000008s ]
INFO: [ app_init ] --END-- [ RunTime:0.000391s ]
ERR: 无法加载模块:Www.gravatar.com

[ 2019-11-13T16:02:56+08:00 ] 127.0.0.1 /www.gravatar.com/avatar/4b705c3a0e16bbe30fb5919c53ce2fb2-s=48.jpg
INFO: [ app_init ] --START--
INFO: Run Behavior\BuildLiteBehavior [ RunTime:0.000012s ]
INFO: [ app_init ] --END-- [ RunTime:0.000500s ]
ERR: 无法加载模块:Www.gravatar.com

[ 2019-11-13T16:02:56+08:00 ] 127.0.0.1 /www.gravatar.com/avatar/a65385080fbe8dea6fa0757126c8157e-s=48.jpg
INFO: [ app_init ] --START--
INFO: Run Behavior\BuildLiteBehavior [ RunTime:0.000011s ]
INFO: [ app_init ] --END-- [ RunTime:0.000433s ]
ERR: 无法加载模块:Www.gravatar.com

[ 2019-11-13T16:02:56+08:00 ] 127.0.0.1 /www.gravatar.com/avatar/bb0904c788fc7b53d870719f0334fbdc-s=48.jpg
INFO: [ app_init ] --START--
INFO: Run Behavior\BuildLiteBehavior [ RunTime:0.000008s ]
INFO: [ app_init ] --END-- [ RunTime:0.000386s ]
ERR: 无法加载模块:Www.gravatar.com

[ 2019-11-13T16:02:56+08:00 ] 127.0.0.1 /www.gravatar.com/avatar/e5320a36e4d73c849a8504051066024b-s=48.jpg
INFO: [ app_init ] --START--
INFO: Run Behavior\BuildLiteBehavior [ RunTime:0.000009s ]
INFO: [ app_init ] --END-- [ RunTime:0.000411s ]
ERR: 无法加载模块:Www.gravatar.com

[ 2019-11-13T16:02:56+08:00 ] 127.0.0.1 /pub.freestar.io/core/pushdown.min.js
INFO: [ app_init ] --START--
INFO: Run Behavior\BuildLiteBehavior [ RunTime:0.000016s ]
INFO: [ app_init ] --END-- [ RunTime:0.000455s ]
ERR: 无法加载模块:Pub.freestar.io

[ 2019-11-13T16:02:56+08:00 ] 127.0.0.1 /Public/Home/wp-content/themes/wdd18/css/af/290aa2/00000000000000003b9b094b/27/d-subset_id=1&fvd=n7&v=3
INFO: [ app_init ] --START--
INFO: Run Behavior\BuildLiteBehavior [ RunTime:0.000008s ]
INFO: [ app_init ] --END-- [ RunTime:0.000399s ]
ERR: 无法加载模块:Public

[ 2019-11-13T16:02:56+08:00 ] 127.0.0.1 /Public/Home/wp-content/themes/wdd18/css/af/46da36/00000000000000003b9acaf6/27/d-primer=7cdcb44be4a7db8877ffa5c0007b8dd865b3bbc383831fe2ea177f62257a9191&fvd=n4&v=3
INFO: [ app_init ] --START--
INFO: Run Behavior\BuildLiteBehavior [ RunTime:0.000006s ]
INFO: [ app_init ] --END-- [ RunTime:0.000351s ]
ERR: 无法加载模块:Public

[ 2019-11-13T16:02:56+08:00 ] 127.0.0.1 /Public/Home/wp-content/themes/wdd18/css/af/a57269/000000000000000000014393/27/d-primer=7cdcb44be4a7db8877ffa5c0007b8dd865b3bbc383831fe2ea177f62257a9191&fvd=n7&v=3
INFO: [ app_init ] --START--
INFO: Run Behavior\BuildLiteBehavior [ RunTime:0.000012s ]
INFO: [ app_init ] --END-- [ RunTime:0.000566s ]
ERR: 无法加载模块:Public

[ 2019-11-13T16:02:56+08:00 ] 127.0.0.1 /Public/Home/wp-content/themes/wdd18/css/af/6d4bb2/00000000000000003b9acafc/27/d-primer=7cdcb44be4a7db8877ffa5c0007b8dd865b3bbc383831fe2ea177f62257a9191&fvd=n7&v=3
INFO: [ app_init ] --START--
INFO: Run Behavior\BuildLiteBehavior [ RunTime:0.000012s ]
INFO: [ app_init ] --END-- [ RunTime:0.000517s ]
ERR: 无法加载模块:Public

[ 2019-11-13T16:02:56+08:00 ] 127.0.0.1 /m.servedby-buysellads.com/monetization.js
INFO: [ app_init ] --START--
INFO: Run Behavior\BuildLiteBehavior [ RunTime:0.000026s ]
INFO: [ app_init ] --END-- [ RunTime:0.000842s ]
ERR: 无法加载模块:M.servedby-buysellads.com

[ 2019-11-13T16:02:57+08:00 ] 127.0.0.1 /Public/Home/wp-content/themes/wdd18/css/af/46da36/00000000000000003b9acaf6/27/a-primer=7cdcb44be4a7db8877ffa5c0007b8dd865b3bbc383831fe2ea177f62257a9191&fvd=n4&v=3
INFO: [ app_init ] --START--
INFO: Run Behavior\BuildLiteBehavior [ RunTime:0.000010s ]
INFO: [ app_init ] --END-- [ RunTime:0.000422s ]
ERR: 无法加载模块:Public

[ 2019-11-13T16:02:57+08:00 ] 127.0.0.1 /Public/Home/wp-content/themes/wdd18/css/af/290aa2/00000000000000003b9b094b/27/a-subset_id=1&fvd=n7&v=3
INFO: [ app_init ] --START--
INFO: Run Behavior\BuildLiteBehavior [ RunTime:0.000011s ]
INFO: [ app_init ] --END-- [ RunTime:0.000447s ]
ERR: 无法加载模块:Public

[ 2019-11-13T16:02:57+08:00 ] 127.0.0.1 /Public/Home/wp-content/themes/wdd18/css/af/6d4bb2/00000000000000003b9acafc/27/a-primer=7cdcb44be4a7db8877ffa5c0007b8dd865b3bbc383831fe2ea177f62257a9191&fvd=n7&v=3
INFO: [ app_init ] --START--
INFO: Run Behavior\BuildLiteBehavior [ RunTime:0.000015s ]
INFO: [ app_init ] --END-- [ RunTime:0.000493s ]
ERR: 无法加载模块:Public

[ 2019-11-13T16:02:57+08:00 ] 127.0.0.1 /Public/Home/wp-content/themes/wdd18/css/af/a57269/000000000000000000014393/27/a-primer=7cdcb44be4a7db8877ffa5c0007b8dd865b3bbc383831fe2ea177f62257a9191&fvd=n7&v=3
INFO: [ app_init ] --START--
INFO: Run Behavior\BuildLiteBehavior [ RunTime:0.000011s ]
INFO: [ app_init ] --END-- [ RunTime:0.000515s ]
ERR: 无法加载模块:Public

[ 2019-11-13T17:51:12+08:00 ] 127.0.0.1 /favicon.ico
INFO: [ app_init ] --START--
INFO: Run Behavior\BuildLiteBehavior [ RunTime:0.000008s ]
INFO: [ app_init ] --END-- [ RunTime:0.000348s ]
ERR: 无法加载模块:Favicon

[ 2019-11-13T17:53:32+08:00 ] 127.0.0.1 /Thumb/Article/2019-11-13/5dcb4a255db88.jpg
INFO: [ app_init ] --START--
INFO: Run Behavior\BuildLiteBehavior [ RunTime:0.000008s ]
INFO: [ app_init ] --END-- [ RunTime:0.000375s ]
ERR: 无法加载模块:Thumb

[ 2019-11-13T17:53:32+08:00 ] 127.0.0.1 /Thumb/Article/2019-11-13/5dcaf9ab2c156.png
INFO: [ app_init ] --START--
INFO: Run Behavior\BuildLiteBehavior [ RunTime:0.000009s ]
INFO: [ app_init ] --END-- [ RunTime:0.000420s ]
ERR: 无法加载模块:Thumb

[ 2019-11-13T17:53:32+08:00 ] 127.0.0.1 /Thumb/Article/2019-11-13/5dcafdf6cfb2c.jpg
INFO: [ app_init ] --START--
INFO: Run Behavior\BuildLiteBehavior [ RunTime:0.000008s ]
INFO: [ app_init ] --END-- [ RunTime:0.000378s ]
ERR: 无法加载模块:Thumb

[ 2019-11-13T17:53:32+08:00 ] 127.0.0.1 /Thumb/Article/2019-11-13/5dcaf49009c7c.png
INFO: [ app_init ] --START--
INFO: Run Behavior\BuildLiteBehavior [ RunTime:0.000012s ]
INFO: [ app_init ] --END-- [ RunTime:0.000534s ]
ERR: 无法加载模块:Thumb

[ 2019-11-13T17:53:32+08:00 ] 127.0.0.1 /Thumb/Article/2019-11-13/5dcafd8d2f114.jpg
INFO: [ app_init ] --START--
INFO: Run Behavior\BuildLiteBehavior [ RunTime:0.000012s ]
INFO: [ app_init ] --END-- [ RunTime:0.000556s ]
ERR: 无法加载模块:Thumb

[ 2019-11-13T17:59:31+08:00 ] 127.0.0.1 /Public/Admin/css/bootstrap.min.css.map
INFO: [ app_init ] --START--
INFO: Run Behavior\BuildLiteBehavior [ RunTime:0.000018s ]
INFO: [ app_init ] --END-- [ RunTime:0.000558s ]
ERR: 无法加载模块:Public

[ 2019-11-13T18:03:55+08:00 ] 127.0.0.1 /Thumb/Article/2019-11-13/5dcb4a255db88.jpg
INFO: [ app_init ] --START--
INFO: Run Behavior\BuildLiteBehavior [ RunTime:0.000011s ]
INFO: [ app_init ] --END-- [ RunTime:0.000571s ]
ERR: 无法加载模块:Thumb

[ 2019-11-13T18:03:55+08:00 ] 127.0.0.1 /Thumb/Article/2019-11-13/5dcafdf6cfb2c.jpg
INFO: [ app_init ] --START--
INFO: Run Behavior\BuildLiteBehavior [ RunTime:0.000009s ]
INFO: [ app_init ] --END-- [ RunTime:0.000496s ]
ERR: 无法加载模块:Thumb

[ 2019-11-13T18:03:55+08:00 ] 127.0.0.1 /Thumb/Article/2019-11-13/5dcafd8d2f114.jpg
INFO: [ app_init ] --START--
INFO: Run Behavior\BuildLiteBehavior [ RunTime:0.000010s ]
INFO: [ app_init ] --END-- [ RunTime:0.000522s ]
ERR: 无法加载模块:Thumb

[ 2019-11-13T18:03:55+08:00 ] 127.0.0.1 /Thumb/Article/2019-11-13/5dcaf9ab2c156.png
INFO: [ app_init ] --START--
INFO: Run Behavior\BuildLiteBehavior [ RunTime:0.000008s ]
INFO: [ app_init ] --END-- [ RunTime:0.000509s ]
ERR: 无法加载模块:Thumb

[ 2019-11-13T18:03:55+08:00 ] 127.0.0.1 /Thumb/Article/2019-11-13/5dcaf49009c7c.png
INFO: [ app_init ] --START--
INFO: Run Behavior\BuildLiteBehavior [ RunTime:0.000010s ]
INFO: [ app_init ] --END-- [ RunTime:0.000768s ]
ERR: 无法加载模块:Thumb

[ 2019-11-13T20:24:34+08:00 ] 127.0.0.1 /Public/Admin/css/bootstrap.min.css.map
INFO: [ app_init ] --START--
INFO: Run Behavior\BuildLiteBehavior [ RunTime:0.000015s ]
INFO: [ app_init ] --END-- [ RunTime:0.000706s ]
ERR: 无法加载模块:Public

[ 2019-11-13T20:25:11+08:00 ] 127.0.0.1 /Public/Admin/css/bootstrap.min.css.map
INFO: [ app_init ] --START--
INFO: Run Behavior\BuildLiteBehavior [ RunTime:0.000008s ]
INFO: [ app_init ] --END-- [ RunTime:0.000346s ]
ERR: 无法加载模块:Public

[ 2019-11-13T20:25:12+08:00 ] 127.0.0.1 /Public/Admin/css/bootstrap.min.css.map
INFO: [ app_init ] --START--
INFO: Run Behavior\BuildLiteBehavior [ RunTime:0.000009s ]
INFO: [ app_init ] --END-- [ RunTime:0.000422s ]
ERR: 无法加载模块:Public

[ 2019-11-13T20:25:30+08:00 ] 127.0.0.1 /Public/Admin/css/bootstrap.min.css.map
INFO: [ app_init ] --START--
INFO: Run Behavior\BuildLiteBehavior [ RunTime:0.000011s ]
INFO: [ app_init ] --END-- [ RunTime:0.000597s ]
ERR: 无法加载模块:Public

[ 2019-11-13T20:26:12+08:00 ] 127.0.0.1 /Public/Admin/css/bootstrap.min.css.map
INFO: [ app_init ] --START--
INFO: Run Behavior\BuildLiteBehavior [ RunTime:0.000011s ]
INFO: [ app_init ] --END-- [ RunTime:0.000333s ]
ERR: 无法加载模块:Public

[ 2019-11-13T20:27:12+08:00 ] 127.0.0.1 /Public/Admin/css/bootstrap.min.css.map
INFO: [ app_init ] --START--
INFO: Run Behavior\BuildLiteBehavior [ RunTime:0.000011s ]
INFO: [ app_init ] --END-- [ RunTime:0.000603s ]
ERR: 无法加载模块:Public

[ 2019-11-13T20:27:12+08:00 ] 127.0.0.1 /Public/Admin/css/bootstrap.min.css.map
INFO: [ app_init ] --START--
INFO: Run Behavior\BuildLiteBehavior [ RunTime:0.000010s ]
INFO: [ app_init ] --END-- [ RunTime:0.000406s ]
ERR: 无法加载模块:Public

[ 2019-11-13T20:29:14+08:00 ] 127.0.0.1 /Public/Admin/css/bootstrap.min.css.map
INFO: [ app_init ] --START--
INFO: Run Behavior\BuildLiteBehavior [ RunTime:0.000014s ]
INFO: [ app_init ] --END-- [ RunTime:0.000703s ]
ERR: 无法加载模块:Public

[ 2019-11-13T20:35:34+08:00 ] 127.0.0.1 /Public/Admin/css/bootstrap.min.css.map
INFO: [ app_init ] --START--
INFO: Run Behavior\BuildLiteBehavior [ RunTime:0.000014s ]
INFO: [ app_init ] --END-- [ RunTime:0.000469s ]
ERR: 无法加载模块:Public

[ 2019-11-13T20:36:05+08:00 ] 127.0.0.1 /Public/Admin/css/bootstrap.min.css.map
INFO: [ app_init ] --START--
INFO: Run Behavior\BuildLiteBehavior [ RunTime:0.000011s ]
INFO: [ app_init ] --END-- [ RunTime:0.000497s ]
ERR: 无法加载模块:Public

[ 2019-11-13T20:36:06+08:00 ] 127.0.0.1 /Public/Admin/css/bootstrap.min.css.map
INFO: [ app_init ] --START--
INFO: Run Behavior\BuildLiteBehavior [ RunTime:0.000007s ]
INFO: [ app_init ] --END-- [ RunTime:0.000389s ]
ERR: 无法加载模块:Public

[ 2019-11-13T20:36:15+08:00 ] 127.0.0.1 /Public/Admin/css/bootstrap.min.css.map
INFO: [ app_init ] --START--
INFO: Run Behavior\BuildLiteBehavior [ RunTime:0.000015s ]
INFO: [ app_init ] --END-- [ RunTime:0.000675s ]
ERR: 无法加载模块:Public

[ 2019-11-13T20:36:29+08:00 ] 127.0.0.1 /Public/Admin/css/bootstrap.min.css.map
INFO: [ app_init ] --START--
INFO: Run Behavior\BuildLiteBehavior [ RunTime:0.000010s ]
INFO: [ app_init ] --END-- [ RunTime:0.000435s ]
ERR: 无法加载模块:Public

[ 2019-11-13T21:17:48+08:00 ] 127.0.0.1 /Public/Admin/css/bootstrap.min.css.map
INFO: [ app_init ] --START--
INFO: Run Behavior\BuildLiteBehavior [ RunTime:0.000011s ]
INFO: [ app_init ] --END-- [ RunTime:0.000488s ]
ERR: 无法加载模块:Public

[ 2019-11-13T21:23:00+08:00 ] 127.0.0.1 /Public/Admin/css/bootstrap.min.css.map
INFO: [ app_init ] --START--
INFO: Run Behavior\BuildLiteBehavior [ RunTime:0.000015s ]
INFO: [ app_init ] --END-- [ RunTime:0.000716s ]
ERR: 无法加载模块:Public

[ 2019-11-13T21:27:45+08:00 ] 127.0.0.1 /Thumb/Article/2019-11-13/5dcafdf6cfb2c.jpg
INFO: [ app_init ] --START--
INFO: Run Behavior\BuildLiteBehavior [ RunTime:0.000009s ]
INFO: [ app_init ] --END-- [ RunTime:0.000391s ]
ERR: 无法加载模块:Thumb

[ 2019-11-13T21:27:45+08:00 ] 127.0.0.1 /Thumb/Article/2019-11-13/5dcb4a255db88.jpg
INFO: [ app_init ] --START--
INFO: Run Behavior\BuildLiteBehavior [ RunTime:0.000011s ]
INFO: [ app_init ] --END-- [ RunTime:0.000540s ]
ERR: 无法加载模块:Thumb

[ 2019-11-13T21:27:45+08:00 ] 127.0.0.1 /Thumb/Article/2019-11-13/5dcaf9ab2c156.png
INFO: [ app_init ] --START--
INFO: Run Behavior\BuildLiteBehavior [ RunTime:0.000010s ]
INFO: [ app_init ] --END-- [ RunTime:0.000508s ]
ERR: 无法加载模块:Thumb

[ 2019-11-13T21:27:45+08:00 ] 127.0.0.1 /Thumb/Article/2019-11-13/5dcaf49009c7c.png
INFO: [ app_init ] --START--
INFO: Run Behavior\BuildLiteBehavior [ RunTime:0.000009s ]
INFO: [ app_init ] --END-- [ RunTime:0.000536s ]
ERR: 无法加载模块:Thumb

[ 2019-11-13T21:27:45+08:00 ] 127.0.0.1 /Thumb/Article/2019-11-13/5dcafd8d2f114.jpg
INFO: [ app_init ] --START--
INFO: Run Behavior\BuildLiteBehavior [ RunTime:0.000012s ]
INFO: [ app_init ] --END-- [ RunTime:0.000504s ]
ERR: 无法加载模块:Thumb

[ 2019-11-13T21:35:58+08:00 ] 127.0.0.1 /Public/Admin/css/bootstrap.min.css.map
INFO: [ app_init ] --START--
INFO: Run Behavior\BuildLiteBehavior [ RunTime:0.000014s ]
INFO: [ app_init ] --END-- [ RunTime:0.000657s ]
ERR: 无法加载模块:Public

[ 2019-11-13T21:37:23+08:00 ] 127.0.0.1 /Public/Admin/css/bootstrap.min.css.map
INFO: [ app_init ] --START--
INFO: Run Behavior\BuildLiteBehavior [ RunTime:0.000009s ]
INFO: [ app_init ] --END-- [ RunTime:0.000436s ]
ERR: 无法加载模块:Public

[ 2019-11-13T21:44:35+08:00 ] 127.0.0.1 /Thumb/Article/2019-11-13/5dcb4a255db88.jpg
INFO: [ app_init ] --START--
INFO: Run Behavior\BuildLiteBehavior [ RunTime:0.000008s ]
INFO: [ app_init ] --END-- [ RunTime:0.000394s ]
ERR: 无法加载模块:Thumb

[ 2019-11-13T21:44:35+08:00 ] 127.0.0.1 /Thumb/Article/2019-11-13/5dcafdf6cfb2c.jpg
INFO: [ app_init ] --START--
INFO: Run Behavior\BuildLiteBehavior [ RunTime:0.000008s ]
INFO: [ app_init ] --END-- [ RunTime:0.000399s ]
ERR: 无法加载模块:Thumb

[ 2019-11-13T21:44:35+08:00 ] 127.0.0.1 /Thumb/Article/2019-11-13/5dcaf9ab2c156.png
INFO: [ app_init ] --START--
INFO: Run Behavior\BuildLiteBehavior [ RunTime:0.000010s ]
INFO: [ app_init ] --END-- [ RunTime:0.000396s ]
ERR: 无法加载模块:Thumb

[ 2019-11-13T21:44:35+08:00 ] 127.0.0.1 /Thumb/Article/2019-11-13/5dcaf49009c7c.png
INFO: [ app_init ] --START--
INFO: Run Behavior\BuildLiteBehavior [ RunTime:0.000010s ]
INFO: [ app_init ] --END-- [ RunTime:0.000440s ]
ERR: 无法加载模块:Thumb

[ 2019-11-13T21:44:35+08:00 ] 127.0.0.1 /Thumb/Article/2019-11-13/5dcafd8d2f114.jpg
INFO: [ app_init ] --START--
INFO: Run Behavior\BuildLiteBehavior [ RunTime:0.000012s ]
INFO: [ app_init ] --END-- [ RunTime:0.000527s ]
ERR: 无法加载模块:Thumb

[ 2019-11-13T21:44:38+08:00 ] 127.0.0.1 /Thumb/1
INFO: [ app_init ] --START--
INFO: Run Behavior\BuildLiteBehavior [ RunTime:0.000009s ]
INFO: [ app_init ] --END-- [ RunTime:0.000402s ]
ERR: 无法加载模块:Thumb

[ 2019-11-13T21:44:38+08:00 ] 127.0.0.1 /Thumb/Article/2019-11-13/5dcb4576dd5a3.jpg
INFO: [ app_init ] --START--
INFO: Run Behavior\BuildLiteBehavior [ RunTime:0.000008s ]
INFO: [ app_init ] --END-- [ RunTime:0.000425s ]
ERR: 无法加载模块:Thumb

[ 2019-11-13T21:44:38+08:00 ] 127.0.0.1 /Thumb/Article/2019-11-13/5dcb55e94e09a.jpg
INFO: [ app_init ] --START--
INFO: Run Behavior\BuildLiteBehavior [ RunTime:0.000011s ]
INFO: [ app_init ] --END-- [ RunTime:0.000462s ]
ERR: 无法加载模块:Thumb

[ 2019-11-13T21:44:40+08:00 ] 127.0.0.1 /Thumb/Article/2019-11-13/5dcaf9ab2c156.png
INFO: [ app_init ] --START--
INFO: Run Behavior\BuildLiteBehavior [ RunTime:0.000009s ]
INFO: [ app_init ] --END-- [ RunTime:0.000416s ]
ERR: 无法加载模块:Thumb

[ 2019-11-13T21:44:40+08:00 ] 127.0.0.1 /Thumb/Article/2019-11-13/5dcafdf6cfb2c.jpg
INFO: [ app_init ] --START--
INFO: Run Behavior\BuildLiteBehavior [ RunTime:0.000009s ]
INFO: [ app_init ] --END-- [ RunTime:0.000659s ]
ERR: 无法加载模块:Thumb

[ 2019-11-13T21:44:40+08:00 ] 127.0.0.1 /Thumb/Article/2019-11-13/5dcb4a255db88.jpg
INFO: [ app_init ] --START--
INFO: Run Behavior\BuildLiteBehavior [ RunTime:0.000007s ]
INFO: [ app_init ] --END-- [ RunTime:0.000362s ]
ERR: 无法加载模块:Thumb

[ 2019-11-13T21:44:40+08:00 ] 127.0.0.1 /Thumb/Article/2019-11-13/5dcaf49009c7c.png
INFO: [ app_init ] --START--
INFO: Run Behavior\BuildLiteBehavior [ RunTime:0.000012s ]
INFO: [ app_init ] --END-- [ RunTime:0.000450s ]
ERR: 无法加载模块:Thumb

[ 2019-11-13T21:44:40+08:00 ] 127.0.0.1 /Thumb/Article/2019-11-13/5dcafd8d2f114.jpg
INFO: [ app_init ] --START--
INFO: Run Behavior\BuildLiteBehavior [ RunTime:0.000013s ]
INFO: [ app_init ] --END-- [ RunTime:0.000605s ]
ERR: 无法加载模块:Thumb

[ 2019-11-13T21:46:56+08:00 ] 127.0.0.1 /Thumb//Article/2019-11-13/5dcafd8d2f114.jpg
INFO: [ app_init ] --START--
INFO: Run Behavior\BuildLiteBehavior [ RunTime:0.000012s ]
INFO: [ app_init ] --END-- [ RunTime:0.000476s ]
ERR: 无法加载模块:Thumb

[ 2019-11-13T21:47:51+08:00 ] 127.0.0.1 /Thumb/Article/2019-11-13/5dcafdf6cfb2c.jpg
INFO: [ app_init ] --START--
INFO: Run Behavior\BuildLiteBehavior [ RunTime:0.000011s ]
INFO: [ app_init ] --END-- [ RunTime:0.000549s ]
ERR: 无法加载模块:Thumb

[ 2019-11-13T21:50:41+08:00 ] 127.0.0.1 /Public/Admin/css/bootstrap.min.css.map
INFO: [ app_init ] --START--
INFO: Run Behavior\BuildLiteBehavior [ RunTime:0.000012s ]
INFO: [ app_init ] --END-- [ RunTime:0.000470s ]
ERR: 无法加载模块:Public

[ 2019-11-13T21:53:06+08:00 ] 127.0.0.1 /Public/Admin/css/bootstrap.min.css.map
INFO: [ app_init ] --START--
INFO: Run Behavior\BuildLiteBehavior [ RunTime:0.000015s ]
INFO: [ app_init ] --END-- [ RunTime:0.000925s ]
ERR: 无法加载模块:Public

[ 2019-11-13T21:54:04+08:00 ] 127.0.0.1 /Upload/1
INFO: [ app_init ] --START--
INFO: Run Behavior\BuildLiteBehavior [ RunTime:0.000008s ]
INFO: [ app_init ] --END-- [ RunTime:0.000379s ]
ERR: 无法加载模块:Upload

[ 2019-11-13T21:54:23+08:00 ] 127.0.0.1 /Upload/1
INFO: [ app_init ] --START--
INFO: Run Behavior\BuildLiteBehavior [ RunTime:0.000009s ]
INFO: [ app_init ] --END-- [ RunTime:0.000433s ]
ERR: 无法加载模块:Upload

[ 2019-11-13T21:54:43+08:00 ] 127.0.0.1 /Upload/1
INFO: [ app_init ] --START--
INFO: Run Behavior\BuildLiteBehavior [ RunTime:0.000008s ]
INFO: [ app_init ] --END-- [ RunTime:0.000372s ]
ERR: 无法加载模块:Upload

[ 2019-11-13T22:35:52+08:00 ] 127.0.0.1 /Public/Admin/css/bootstrap.min.css.map
INFO: [ app_init ] --START--
INFO: Run Behavior\BuildLiteBehavior [ RunTime:0.000014s ]
INFO: [ app_init ] --END-- [ RunTime:0.000637s ]
ERR: 无法加载模块:Public

[ 2019-11-13T23:21:40+08:00 ] 127.0.0.1 /Public/Admin/css/bootstrap.min.css.map
INFO: [ app_init ] --START--
INFO: Run Behavior\BuildLiteBehavior [ RunTime:0.000022s ]
INFO: [ app_init ] --END-- [ RunTime:0.000788s ]
ERR: 无法加载模块:Public

